VT =  0.025000
BFN =  178.70
VAFN =  69.700
RE1 =  100
RC1 =  500
RB1 =  100000
RB2 =  20000
VBEON =  0.70000
VCC =  12
RS =  100
Vin =  0.010000
Ci =  0.0010000
Co =  0.0019950
RB =  16666.66667
VEQ =  2
IB1 =  0.000037532
IC1 =  0.0067071
IE1 =  0.0067446
VE1 =  0.67446
VO1 =  8.6465
VCE =  7.9720
gm1 =  0.26828
rpi1 =  666.09
ro1 =  10392.04368
RSB =  99.404
AV1 = -4.7280
AVI_DB =  13.493
AV1simple =  4.7916
AVIsimple_DB =  13.610
RE1 = 0
AV1 = -110.70
AVI_DB =  40.883
AV1simple = -133.34
AVIsimple_DB =  42.499
RE1 =  100
ZI1 =  8574.4
ZX =  225046.92904
ZX =  225046.92904
ZO1 =  498.89
RE1 = 0
ZI1 =  640.49
ZO1 =  477.05
BFP =  227.30
VAFP =  37.200
RE2 =  100
VEBON =  0.70000
VI2 =  8.6465
IE2 =  0.026535
IC2 =  0.026419
VO2 =  9.3465
gm2 =  1.0568
go2 =  0.00071019
gpi2 =  0.0046492
ge2 =  0.010000
AV2 =  0.98567
ZI2 =  15013.86300
ZO2 =  0.93273
gB =  0.0014448
AV = -107.22
AV_DB =  40.605
ZI =  640.49
ZO =  2.9364
Zi =  640.49
Zo =  2.9364
cost =  2123123123123
uco =  2123123123123
lco =  2123123123123
bandwidth =  2123123123123
gain = -107.22
merit =  31978481764
