size =  500
gain_cutoff_db =  37.606
gain_cutoff =  75.906
ref =  25.760
freq_cutoff =  10.328
ref =  24.608
freq_cutoff =  10.667
ref =  23.478
freq_cutoff =  11.018
ref =  22.372
freq_cutoff =  11.379
ref =  21.292
freq_cutoff =  11.753
ref =  20.238
freq_cutoff =  12.139
ref =  19.213
freq_cutoff =  12.537
ref =  18.216
freq_cutoff =  12.949
ref =  17.249
freq_cutoff =  13.374
ref =  16.312
freq_cutoff =  13.813
ref =  15.406
freq_cutoff =  14.266
ref =  14.531
freq_cutoff =  14.735
ref =  13.687
freq_cutoff =  15.218
ref =  12.875
freq_cutoff =  15.718
ref =  12.093
freq_cutoff =  16.234
ref =  11.342
freq_cutoff =  16.767
ref =  10.622
freq_cutoff =  17.317
ref =  9.9319
freq_cutoff =  17.886
ref =  9.2714
freq_cutoff =  18.473
ref =  8.6399
freq_cutoff =  19.079
ref =  8.0368
freq_cutoff =  19.706
ref =  7.4613
freq_cutoff =  20.352
ref =  6.9128
freq_cutoff =  21.021
ref =  6.3905
freq_cutoff =  21.711
ref =  5.8935
freq_cutoff =  22.423
ref =  5.4210
freq_cutoff =  23.160
ref =  4.9721
freq_cutoff =  23.920
ref =  4.5461
freq_cutoff =  24.705
ref =  4.1419
freq_cutoff =  25.516
ref =  3.7588
freq_cutoff =  26.354
ref =  3.3958
freq_cutoff =  27.219
ref =  3.0522
freq_cutoff =  28.112
ref =  2.7270
freq_cutoff =  29.035
ref =  2.4195
freq_cutoff =  29.988
ref =  2.1288
freq_cutoff =  30.973
ref =  1.8542
freq_cutoff =  31.990
ref =  1.5949
freq_cutoff =  33.040
ref =  1.3501
freq_cutoff =  34.124
ref =  1.1192
freq_cutoff =  35.245
ref =  0.90131
freq_cutoff =  36.402
ref =  0.69593
freq_cutoff =  37.597
ref =  0.50235
freq_cutoff =  38.831
ref =  0.31996
freq_cutoff =  40.106
ref =  0.14816
freq_cutoff =  41.422
ref =  0.013616
LCO =  41.422
uco =  2123123123123
lco =  41.422
bandwidth =  2123123123123
