Symbolic pkg v2.8.0: Python communication link active, SymPy v1.5.1.
I_SE =  0.27805
I_SD = -0.29157
I_IE =  0.94884
I_ID =  1.0189
Gb = -0.29157
I_d =  1.0189
I_r1 = -0.27805
I_r2 = -0.29157
I_r3 = -0.013518
I_r4 =  1.2269
I_r5 =  1.3105
I_r6 = -0.94884
I_r7 = -0.94884
V1m =  5.2436
V2m =  4.9527
V3m =  4.3675
V4m =  4.9941
V5m =  9.0861
V6m = -2.9268
V7m = -1.9634
V8m = -1.9634
@Gb & -0.291567 & -0.291567 z
@id & 1.018915 & 1.018915 z
@r1 & -0.278049 & -0.278049 z
@r2 & -0.291567 & -0.291567 z
@r3 & -0.013518 & -0.013518 z
@r4 & 1.226887 & 1.226887 z
@r5 & 1.310482 & 1.310482 z
@r6 & -0.948838 & -0.948838 z
@r7 & -0.948838 & -0.948838 z
V1 & 5.243596 & 5.243596 z
V2 & 4.952740 & 4.952740 z
V3 & 4.367469 & 4.367469 z
V4 & 4.994112 & 4.994112 z
V5 & 9.086122 & 9.086122 z
V6 & -2.926767 & -2.926767 z
V7 & -1.963402 & -1.963402 z
V8 & -1.963402 & -1.963402 z
