Symbolic pkg v2.8.0: Python communication link active, SymPy v1.5.1.
V0 = 0
V1 =  5.054818641360000
V2 =  4.793704691824189
V3 =  4.258197784082119
V4 = -1.934225550007436
V5 =  4.831047093349573
V6 =  5.668298372306746
V7 = -1.934225550007436
V8 = -2.905231322705667
I_r1 =   -2.536487650531725e-01
I_r2 =   -2.658975828505401e-01
I_r3 =    1.224881779736725e-02
I_r4 =  1.205310280142027
I_r5 =    2.658975828505403e-01
I_r6 =   -9.516615150888543e-01
I_r7 =   -9.516615150888547e-01
Gb =    2.658975828505403e-01
V0eq = 0
V1eq = 0
V2eq = 0
V3eq = 0
V4eq = 0
V5eq = 0
V6eq =  8.573529695010000
V7eq = 0
V8eq = 0
Req = -3.148773561540000
$tau$ = -3.239212e-03ans = (sym)

              t⋅wn
  vcₙ(t) = A⋅ℯ    

wn = -308.7170771378675
A =  8.573529695010000


Natural solution:
hf =  1
